Flow report for Lift3Floor
Sun Oct 15 21:23:08 2023
Quartus II Version 9.0 Build 235 06/17/2009 Service Pack 2 SJ Web Edition


---------------------
; Table of Contents ;
---------------------
  1. Legal Notice
  2. Flow Summary
  3. Flow Settings
  4. Flow Non-Default Global Settings
  5. Flow Elapsed Time
  6. Flow OS Summary
  7. Flow Log



----------------
; Legal Notice ;
----------------
Copyright (C) 1991-2009 Altera Corporation
Your use of Altera Corporation's design tools, logic functions 
and other software and tools, and its AMPP partner logic 
functions, and any output files from any of the foregoing 
(including device programming or simulation files), and any 
associated documentation or information are expressly subject 
to the terms and conditions of the Altera Program License 
Subscription Agreement, Altera MegaCore Function License 
Agreement, or other applicable license agreement, including, 
without limitation, that your use is for the sole purpose of 
programming logic devices manufactured by Altera and sold by 
Altera or its authorized distributors.  Please refer to the 
applicable agreement for further details.



+-----------------------------------------------------------------------------------+
; Flow Summary                                                                      ;
+------------------------------------+----------------------------------------------+
; Flow Status                        ; Successful - Sun Oct 15 21:23:06 2023        ;
; Quartus II Version                 ; 9.0 Build 235 06/17/2009 SP 2 SJ Web Edition ;
; Revision Name                      ; Lift3Floor                                   ;
; Top-level Entity Name              ; Test_Lift                                    ;
; Family                             ; Cyclone III                                  ;
; Device                             ; EP3C16F484C6                                 ;
; Timing Models                      ; Final                                        ;
; Met timing requirements            ; N/A                                          ;
; Total logic elements               ; 77 / 15,408 ( < 1 % )                        ;
;     Total combinational functions  ; 76 / 15,408 ( < 1 % )                        ;
;     Dedicated logic registers      ; 30 / 15,408 ( < 1 % )                        ;
; Total registers                    ; 30                                           ;
; Total pins                         ; 18 / 347 ( 5 % )                             ;
; Total virtual pins                 ; 0                                            ;
; Total memory bits                  ; 0 / 516,096 ( 0 % )                          ;
; Embedded Multiplier 9-bit elements ; 0 / 112 ( 0 % )                              ;
; Total PLLs                         ; 0 / 4 ( 0 % )                                ;
+------------------------------------+----------------------------------------------+


+-----------------------------------------+
; Flow Settings                           ;
+-------------------+---------------------+
; Option            ; Setting             ;
+-------------------+---------------------+
; Start date & time ; 10/15/2023 21:23:01 ;
; Main task         ; Compilation         ;
; Revision Name     ; Lift3Floor          ;
+-------------------+---------------------+


+-------------------------------------------------------------------------------------------------------------------------------------------------+
; Flow Non-Default Global Settings                                                                                                                ;
+------------------------------------+-------------------------------------------------------------+---------------+-------------+----------------+
; Assignment Name                    ; Value                                                       ; Default Value ; Entity Name ; Section Id     ;
+------------------------------------+-------------------------------------------------------------+---------------+-------------+----------------+
; COMPILER_SIGNATURE_ID              ; 9413547225409.169737978132096                               ; --            ; --          ; --             ;
; MAX_CORE_JUNCTION_TEMP             ; 85                                                          ; --            ; --          ; --             ;
; MIN_CORE_JUNCTION_TEMP             ; 0                                                           ; --            ; --          ; --             ;
; MISC_FILE                          ; C:/Users/ADMIN/Desktop/CPE212/Lift3Floor/Lift3Floor.dpf     ; --            ; --          ; --             ;
; MISC_FILE                          ; D:/Mixky/Quartus II/Lift3Floor/Lift3Floor.dpf               ; --            ; --          ; --             ;
; MISC_FILE                          ; D:/Mixky/Quartus II/Lift3Floor - Copy/Lift3Floor.dpf        ; --            ; --          ; --             ;
; MISC_FILE                          ; D:/Mixky/Quartus II/Lift3Floor - Copy - Copy/Lift3Floor.dpf ; --            ; --          ; --             ;
; NOMINAL_CORE_SUPPLY_VOLTAGE        ; 1.2V                                                        ; --            ; --          ; --             ;
; PARTITION_COLOR                    ; 16764057                                                    ; --            ; Test_Lift   ; Top            ;
; PARTITION_NETLIST_TYPE             ; SOURCE                                                      ; --            ; Test_Lift   ; Top            ;
; TOP_LEVEL_ENTITY                   ; Test_Lift                                                   ; Lift3Floor    ; --          ; --             ;
; USE_GENERATED_PHYSICAL_CONSTRAINTS ; Off                                                         ; --            ; --          ; eda_blast_fpga ;
+------------------------------------+-------------------------------------------------------------+---------------+-------------+----------------+


+-------------------------------------------------------------------------------------------------------------------------------+
; Flow Elapsed Time                                                                                                             ;
+---------------------------+--------------+-------------------------+---------------------+------------------------------------+
; Module Name               ; Elapsed Time ; Average Processors Used ; Peak Virtual Memory ; Total CPU Time (on all processors) ;
+---------------------------+--------------+-------------------------+---------------------+------------------------------------+
; Analysis & Synthesis      ; 00:00:00     ; 1.0                     ; 251 MB              ; 00:00:01                           ;
; Fitter                    ; 00:00:03     ; 1.0                     ; 318 MB              ; 00:00:02                           ;
; Assembler                 ; 00:00:00     ; 1.0                     ; 241 MB              ; 00:00:01                           ;
; TimeQuest Timing Analyzer ; 00:00:01     ; 1.0                     ; 253 MB              ; 00:00:01                           ;
; Total                     ; 00:00:04     ; --                      ; --                  ; 00:00:05                           ;
+---------------------------+--------------+-------------------------+---------------------+------------------------------------+


+--------------------------------------------------------------------------------------------+
; Flow OS Summary                                                                            ;
+---------------------------+------------------+---------------+------------+----------------+
; Module Name               ; Machine Hostname ; OS Name       ; OS Version ; Processor type ;
+---------------------------+------------------+---------------+------------+----------------+
; Analysis & Synthesis      ; LAPTOP-F7IHBITI  ; Windows Vista ; 6.2        ; x86_64         ;
; Fitter                    ; LAPTOP-F7IHBITI  ; Windows Vista ; 6.2        ; x86_64         ;
; Assembler                 ; LAPTOP-F7IHBITI  ; Windows Vista ; 6.2        ; x86_64         ;
; TimeQuest Timing Analyzer ; LAPTOP-F7IHBITI  ; Windows Vista ; 6.2        ; x86_64         ;
+---------------------------+------------------+---------------+------------+----------------+


------------
; Flow Log ;
------------
quartus_map --read_settings_files=on --write_settings_files=off Lift3Floor -c Lift3Floor
quartus_fit --read_settings_files=off --write_settings_files=off Lift3Floor -c Lift3Floor
quartus_asm --read_settings_files=off --write_settings_files=off Lift3Floor -c Lift3Floor
quartus_sta Lift3Floor -c Lift3Floor



